2026-03-19 16:49:02,223 INFO: 0 gecikme bildirimi oluşturuldu [in C:\kokpitim\services\notification_service.py:583]
2026-03-19 17:02:16,968 INFO: 0 deadline uyarısı oluşturuldu [in C:\kokpitim\services\notification_service.py:330]
2026-03-19 17:02:16,973 INFO: 0 gecikme bildirimi oluşturuldu [in C:\kokpitim\services\notification_service.py:583]
2026-03-19 17:31:46,246 INFO: Stratejik Planlama sistemi başlatılıyor [in C:\kokpitim\__init__.py:112]
2026-03-19 17:31:48,566 INFO: 0 deadline uyarısı oluşturuldu [in C:\kokpitim\services\notification_service.py:330]
2026-03-19 17:31:48,570 INFO: 0 gecikme bildirimi oluşturuldu [in C:\kokpitim\services\notification_service.py:583]
2026-03-19 17:33:33,377 INFO: Stratejik Planlama sistemi başlatılıyor [in C:\kokpitim\__init__.py:112]
2026-03-19 17:33:35,446 INFO: 0 deadline uyarısı oluşturuldu [in C:\kokpitim\services\notification_service.py:330]
2026-03-19 17:33:35,447 INFO: 0 gecikme bildirimi oluşturuldu [in C:\kokpitim\services\notification_service.py:583]
2026-03-19 17:34:54,888 INFO: Background task executor durduruldu [in C:\kokpitim\services\background_tasks.py:67]
2026-03-19 17:34:57,683 INFO: Background task executor durduruldu [in C:\kokpitim\services\background_tasks.py:67]
2026-03-19 17:34:58,699 INFO: Background task executor durduruldu [in C:\kokpitim\services\background_tasks.py:67]
2026-03-19 17:35:01,524 INFO: Background task executor durduruldu [in C:\kokpitim\services\background_tasks.py:67]
2026-03-19 17:35:24,512 INFO: Stratejik Planlama sistemi başlatılıyor [in C:\kokpitim\__init__.py:112]
2026-03-19 17:35:26,693 INFO: 0 deadline uyarısı oluşturuldu [in C:\kokpitim\services\notification_service.py:330]
2026-03-19 17:35:26,695 INFO: 0 gecikme bildirimi oluşturuldu [in C:\kokpitim\services\notification_service.py:583]
2026-03-19 17:35:26,719 INFO: Stratejik Planlama sistemi başlatılıyor [in C:\kokpitim\__init__.py:112]
2026-03-19 17:35:28,816 INFO: 0 deadline uyarısı oluşturuldu [in C:\kokpitim\services\notification_service.py:330]
2026-03-19 17:35:28,818 INFO: 0 gecikme bildirimi oluşturuldu [in C:\kokpitim\services\notification_service.py:583]
2026-03-19 17:35:28,940 ERROR: Dashboard sayfası render hatası: 'User' object has no attribute 'kurum_id' [in C:\kokpitim\main\routes.py:393]
2026-03-19 17:35:28,945 ERROR: Traceback: Traceback (most recent call last):
  File "C:\kokpitim\main\routes.py", line 232, in dashboard
    Project.kurum_id == current_user.kurum_id
                        ^^^^^^^^^^^^^^^^^^^^^
AttributeError: 'User' object has no attribute 'kurum_id'
 [in C:\kokpitim\main\routes.py:394]
2026-03-19 17:35:28,968 INFO: Background task executor durduruldu [in C:\kokpitim\services\background_tasks.py:67]
2026-03-19 17:35:30,935 INFO: Background task executor durduruldu [in C:\kokpitim\services\background_tasks.py:67]
2026-03-19 17:35:34,389 INFO: Background task executor durduruldu [in C:\kokpitim\services\background_tasks.py:67]
2026-03-19 17:35:36,935 INFO: Background task executor durduruldu [in C:\kokpitim\services\background_tasks.py:67]
2026-03-19 17:35:38,531 INFO: Background task executor durduruldu [in C:\kokpitim\services\background_tasks.py:67]
2026-03-19 17:35:39,299 INFO: Background task executor durduruldu [in C:\kokpitim\services\background_tasks.py:67]
2026-03-19 17:35:40,127 INFO: Background task executor durduruldu [in C:\kokpitim\services\background_tasks.py:67]
2026-03-19 17:35:40,816 INFO: Background task executor durduruldu [in C:\kokpitim\services\background_tasks.py:67]
2026-03-19 17:41:54,152 INFO: Stratejik Planlama sistemi başlatılıyor [in C:\kokpitim\__init__.py:112]
2026-03-19 17:41:55,875 INFO: 0 deadline uyarısı oluşturuldu [in C:\kokpitim\services\notification_service.py:330]
2026-03-19 17:41:55,878 INFO: 0 gecikme bildirimi oluşturuldu [in C:\kokpitim\services\notification_service.py:583]
2026-03-19 17:42:01,859 INFO: Stratejik Planlama sistemi başlatılıyor [in C:\kokpitim\__init__.py:112]
2026-03-19 17:42:04,096 INFO: 0 deadline uyarısı oluşturuldu [in C:\kokpitim\services\notification_service.py:330]
2026-03-19 17:42:04,100 INFO: 0 gecikme bildirimi oluşturuldu [in C:\kokpitim\services\notification_service.py:583]
2026-03-25 10:25:20,094 INFO: Stratejik Planlama sistemi başlatılıyor [in C:\kokpitim\__init__.py:114]
2026-03-25 10:25:21,604 INFO: 0 deadline uyarısı oluşturuldu [in C:\kokpitim\services\notification_service.py:350]
2026-03-25 10:25:21,668 ERROR: Gecikme bildirimi hatası: This Session's transaction has been rolled back due to a previous exception during flush. To begin a new transaction with this Session, first issue Session.rollback(). Original exception was: (raised as a result of Query-invoked autoflush; consider using a session.no_autoflush block if this flush is occurring prematurely)
(psycopg2.errors.ForeignKeyViolation) insert or update on table "notification" violates foreign key constraint "notification_user_id_fkey"
DETAIL:  Key (user_id)=(31) is not present in table "user".

[SQL: INSERT INTO notification (user_id, tip, baslik, mesaj, link, okundu, email_sent, surec_id, project_id, task_id, ilgili_user_id, created_at) VALUES (%(user_id)s, %(tip)s, %(baslik)s, %(mesaj)s, %(link)s, %(okundu)s, %(email_sent)s, %(surec_id)s, %(project_id)s, %(task_id)s, %(ilgili_user_id)s, %(created_at)s) RETURNING notification.id]
[parameters: {'user_id': 31, 'tip': 'task_overdue', 'baslik': 'Görev Gecikti', 'mesaj': '"aa" görevi 26.02.2026 tarihinde sona ermişti ve henüz tamamlanmadı.', 'link': '/projeler/5/gorevler/21', 'okundu': False, 'email_sent': False, 'surec_id': None, 'project_id': 5, 'task_id': 21, 'ilgili_user_id': None, 'created_at': datetime.datetime(2026, 3, 25, 7, 25, 21, 623203)}]
(Background on this error at: https://sqlalche.me/e/20/gkpj) (Background on this error at: https://sqlalche.me/e/20/7s2a) [in C:\kokpitim\services\notification_service.py:516]
2026-03-25 10:25:21,692 INFO: 0 gecikme bildirimi oluşturuldu [in C:\kokpitim\services\notification_service.py:610]
2026-03-26 00:37:14,105 INFO: Stratejik Planlama sistemi başlatılıyor [in C:\kokpitim\__init__.py:114]
2026-03-26 00:37:15,868 INFO: 0 deadline uyarısı oluşturuldu [in C:\kokpitim\services\notification_service.py:350]
2026-03-26 00:37:15,873 INFO: 0 gecikme bildirimi oluşturuldu [in C:\kokpitim\services\notification_service.py:610]
